Example app listening on port 3000!
[ { name: 'Emily Ramjit', UserId: 1 },
  { name: 'John Doe', UserId: 2 },
  { name: 'Karol Perdomo', UserId: 3 },
  { name: 'Emily Ramjit', UserId: 4 },
  { name: 'Emily Ramjit', UserId: 5 },
  { name: 'Emily Ramjit', UserId: 6 },
  { name: 'Emily Ramjit', UserId: 7 },
  { name: 'Emily Ramjit', UserId: 8 },
  { name: 'Emily Ramjit', UserId: 9 },
  { name: 'Karol Perdomo', UserId: 10 },
  { name: 'Karol Perdomo', UserId: 11 },
  { name: 'Ralph Valenzuela', UserId: 12 },
  { name: 'Ralph Valenzuela', UserId: 13 },
  { name: 'Ralph Valenzuela', UserId: 14 },
  { name: 'Ralph Valenzuela', UserId: 15 },
  { name: 'Ralph Valenzuela', UserId: 16 },
  { name: 'Ralph Valenzuela', UserId: 17 },
  { name: 'Ralph Valenzuela', UserId: 18 },
  { name: 'Ralph Valenzuela', UserId: 19 },
  { name: 'Ralph Valenzuela', UserId: 20 },
  { name: 'Ralph Valenzuela', UserId: 21 },
  { name: 'Ralph Valenzuela', UserId: 22 },
  { name: 'Karol Perdomo', UserId: 23 },
  { name: 'Karol Perdomo', UserId: 24 },
  { name: 'Karol Perdomo', UserId: 25 },
  { name: 'Karol Perdomo', UserId: 26 },
  { name: 'Sade Salley', UserId: 27 },
  { name: 'Sade Salley', UserId: 28 },
  { name: 'Sade Salley', UserId: 29 },
  { name: 'Sade Salley', UserId: 30 },
  { name: 'Sade Salley', UserId: 31 },
  { name: 'Sade Salley', UserId: 32 },
  { name: 'Sade Salley', UserId: 33 },
  { name: 'Sade Salley', UserId: 34 },
  { name: 'Sade Salley', UserId: 35 },
  { name: 'Sade Salley', UserId: 36 },
  { name: 'Sade Salley', UserId: 37 },
  { name: 'Sade Salley', UserId: 38 },
  { name: 'Sade Salley', UserId: 39 },
  { name: 'Sade Salley', UserId: 40 },
  { name: 'Sade Salley', UserId: 41 },
  { name: 'Sade Salley', UserId: 42 },
  { name: 'Sade Salley', UserId: 43 },
  { name: 'Sade Salley', UserId: 44 },
  { name: 'Sade Salley', UserId: 45 },
  { name: 'Sade Salley', UserId: 46 },
  { name: 'Sade Salley', UserId: 47 },
  { name: 'Sade Salley', UserId: 48 },
  { name: 'Sade Salley', UserId: 49 },
  { name: 'Sade Salley', UserId: 50 },
  { name: 'Sade Salley', UserId: 51 },
  { name: 'Sade Salley', UserId: 52 } ]
Example app listening on port 3000!
Example app listening on port 3000!
[ { name: 'Emily Ramjit', UserId: 1 },
  { name: 'John Doe', UserId: 2 },
  { name: 'Karol Perdomo', UserId: 3 },
  { name: 'Emily Ramjit', UserId: 4 },
  { name: 'Emily Ramjit', UserId: 5 },
  { name: 'Emily Ramjit', UserId: 6 },
  { name: 'Emily Ramjit', UserId: 7 },
  { name: 'Emily Ramjit', UserId: 8 },
  { name: 'Emily Ramjit', UserId: 9 },
  { name: 'Karol Perdomo', UserId: 10 },
  { name: 'Karol Perdomo', UserId: 11 },
  { name: 'Ralph Valenzuela', UserId: 12 },
  { name: 'Ralph Valenzuela', UserId: 13 },
  { name: 'Ralph Valenzuela', UserId: 14 },
  { name: 'Ralph Valenzuela', UserId: 15 },
  { name: 'Ralph Valenzuela', UserId: 16 },
  { name: 'Ralph Valenzuela', UserId: 17 },
  { name: 'Ralph Valenzuela', UserId: 18 },
  { name: 'Ralph Valenzuela', UserId: 19 },
  { name: 'Ralph Valenzuela', UserId: 20 },
  { name: 'Ralph Valenzuela', UserId: 21 },
  { name: 'Ralph Valenzuela', UserId: 22 },
  { name: 'Karol Perdomo', UserId: 23 },
  { name: 'Karol Perdomo', UserId: 24 },
  { name: 'Karol Perdomo', UserId: 25 },
  { name: 'Karol Perdomo', UserId: 26 },
  { name: 'Sade Salley', UserId: 27 },
  { name: 'Sade Salley', UserId: 28 },
  { name: 'Sade Salley', UserId: 29 },
  { name: 'Sade Salley', UserId: 30 },
  { name: 'Sade Salley', UserId: 31 },
  { name: 'Sade Salley', UserId: 32 },
  { name: 'Sade Salley', UserId: 33 },
  { name: 'Sade Salley', UserId: 34 },
  { name: 'Sade Salley', UserId: 35 },
  { name: 'Sade Salley', UserId: 36 },
  { name: 'Sade Salley', UserId: 37 },
  { name: 'Sade Salley', UserId: 38 },
  { name: 'Sade Salley', UserId: 39 },
  { name: 'Sade Salley', UserId: 40 },
  { name: 'Sade Salley', UserId: 41 },
  { name: 'Sade Salley', UserId: 42 },
  { name: 'Sade Salley', UserId: 43 },
  { name: 'Sade Salley', UserId: 44 },
  { name: 'Sade Salley', UserId: 45 },
  { name: 'Sade Salley', UserId: 46 },
  { name: 'Sade Salley', UserId: 47 },
  { name: 'Sade Salley', UserId: 48 },
  { name: 'Sade Salley', UserId: 49 },
  { name: 'Sade Salley', UserId: 50 },
  { name: 'Sade Salley', UserId: 51 },
  { name: 'Sade Salley', UserId: 52 } ]
[ { name: 'Emily Ramjit', UserId: 1 },
  { name: 'John Doe', UserId: 2 },
  { name: 'Karol Perdomo', UserId: 3 },
  { name: 'Emily Ramjit', UserId: 4 },
  { name: 'Emily Ramjit', UserId: 5 },
  { name: 'Emily Ramjit', UserId: 6 },
  { name: 'Emily Ramjit', UserId: 7 },
  { name: 'Emily Ramjit', UserId: 8 },
  { name: 'Emily Ramjit', UserId: 9 },
  { name: 'Karol Perdomo', UserId: 10 },
  { name: 'Karol Perdomo', UserId: 11 },
  { name: 'Ralph Valenzuela', UserId: 12 },
  { name: 'Ralph Valenzuela', UserId: 13 },
  { name: 'Ralph Valenzuela', UserId: 14 },
  { name: 'Ralph Valenzuela', UserId: 15 },
  { name: 'Ralph Valenzuela', UserId: 16 },
  { name: 'Ralph Valenzuela', UserId: 17 },
  { name: 'Ralph Valenzuela', UserId: 18 },
  { name: 'Ralph Valenzuela', UserId: 19 },
  { name: 'Ralph Valenzuela', UserId: 20 },
  { name: 'Ralph Valenzuela', UserId: 21 },
  { name: 'Ralph Valenzuela', UserId: 22 },
  { name: 'Karol Perdomo', UserId: 23 },
  { name: 'Karol Perdomo', UserId: 24 },
  { name: 'Karol Perdomo', UserId: 25 },
  { name: 'Karol Perdomo', UserId: 26 },
  { name: 'Sade Salley', UserId: 27 },
  { name: 'Sade Salley', UserId: 28 },
  { name: 'Sade Salley', UserId: 29 },
  { name: 'Sade Salley', UserId: 30 },
  { name: 'Sade Salley', UserId: 31 },
  { name: 'Sade Salley', UserId: 32 },
  { name: 'Sade Salley', UserId: 33 },
  { name: 'Sade Salley', UserId: 34 },
  { name: 'Sade Salley', UserId: 35 },
  { name: 'Sade Salley', UserId: 36 },
  { name: 'Sade Salley', UserId: 37 },
  { name: 'Sade Salley', UserId: 38 },
  { name: 'Sade Salley', UserId: 39 },
  { name: 'Sade Salley', UserId: 40 },
  { name: 'Sade Salley', UserId: 41 },
  { name: 'Sade Salley', UserId: 42 },
  { name: 'Sade Salley', UserId: 43 },
  { name: 'Sade Salley', UserId: 44 },
  { name: 'Sade Salley', UserId: 45 },
  { name: 'Sade Salley', UserId: 46 },
  { name: 'Sade Salley', UserId: 47 },
  { name: 'Sade Salley', UserId: 48 },
  { name: 'Sade Salley', UserId: 49 },
  { name: 'Sade Salley', UserId: 50 },
  { name: 'Sade Salley', UserId: 51 },
  { name: 'Sade Salley', UserId: 52 } ]
[ { item_id: 2,
    UserId: 9,
    item_desc: 'test new task!',
    item_status: 'incomplete' },
  { item_id: 3,
    UserId: 9,
    item_desc: 'Complete 335 Assignment',
    item_status: 'incomplete' } ]
[ { name: 'Emily Ramjit', UserId: 1 },
  { name: 'John Doe', UserId: 2 },
  { name: 'Karol Perdomo', UserId: 3 },
  { name: 'Emily Ramjit', UserId: 4 },
  { name: 'Emily Ramjit', UserId: 5 },
  { name: 'Emily Ramjit', UserId: 6 },
  { name: 'Emily Ramjit', UserId: 7 },
  { name: 'Emily Ramjit', UserId: 8 },
  { name: 'Emily Ramjit', UserId: 9 },
  { name: 'Karol Perdomo', UserId: 10 },
  { name: 'Karol Perdomo', UserId: 11 },
  { name: 'Ralph Valenzuela', UserId: 12 },
  { name: 'Ralph Valenzuela', UserId: 13 },
  { name: 'Ralph Valenzuela', UserId: 14 },
  { name: 'Ralph Valenzuela', UserId: 15 },
  { name: 'Ralph Valenzuela', UserId: 16 },
  { name: 'Ralph Valenzuela', UserId: 17 },
  { name: 'Ralph Valenzuela', UserId: 18 },
  { name: 'Ralph Valenzuela', UserId: 19 },
  { name: 'Ralph Valenzuela', UserId: 20 },
  { name: 'Ralph Valenzuela', UserId: 21 },
  { name: 'Ralph Valenzuela', UserId: 22 },
  { name: 'Karol Perdomo', UserId: 23 },
  { name: 'Karol Perdomo', UserId: 24 },
  { name: 'Karol Perdomo', UserId: 25 },
  { name: 'Karol Perdomo', UserId: 26 },
  { name: 'Sade Salley', UserId: 27 },
  { name: 'Sade Salley', UserId: 28 },
  { name: 'Sade Salley', UserId: 29 },
  { name: 'Sade Salley', UserId: 30 },
  { name: 'Sade Salley', UserId: 31 },
  { name: 'Sade Salley', UserId: 32 },
  { name: 'Sade Salley', UserId: 33 },
  { name: 'Sade Salley', UserId: 34 },
  { name: 'Sade Salley', UserId: 35 },
  { name: 'Sade Salley', UserId: 36 },
  { name: 'Sade Salley', UserId: 37 },
  { name: 'Sade Salley', UserId: 38 },
  { name: 'Sade Salley', UserId: 39 },
  { name: 'Sade Salley', UserId: 40 },
  { name: 'Sade Salley', UserId: 41 },
  { name: 'Sade Salley', UserId: 42 },
  { name: 'Sade Salley', UserId: 43 },
  { name: 'Sade Salley', UserId: 44 },
  { name: 'Sade Salley', UserId: 45 },
  { name: 'Sade Salley', UserId: 46 },
  { name: 'Sade Salley', UserId: 47 },
  { name: 'Sade Salley', UserId: 48 },
  { name: 'Sade Salley', UserId: 49 },
  { name: 'Sade Salley', UserId: 50 },
  { name: 'Sade Salley', UserId: 51 },
  { name: 'Sade Salley', UserId: 52 } ]
[]
[]
[]
[ { item_id: 7,
    UserId: 2,
    item_desc: 'test new task!',
    item_status: 'incomplete' } ]
"7" api id
[]
[ { item_id: 7,
    UserId: 2,
    item_desc: 'test new task!',
    item_status: 'Complete' } ]
[]
[]
